Arguments: 
  C:\Program Files\nodejs\node.exe C:\Users\japan\AppData\Roaming\npm\node_modules\yarn\bin\yarn.js install

PATH: 
  C:\Program Files\Common Files\Oracle\Java\javapath;C:\Python312\Scripts\;C:\Python312\;C:\Program Files\NVIDIA GPU Computing Toolkit\CUDA\v11.2\bin;C:\Program Files\NVIDIA GPU Computing Toolkit\CUDA\v11.2\libnvvp;C:\Program Files\Eclipse Adoptium\jdk-17.0.1.12-hotspot\bin;C:\Windows\system32;C:\Windows;C:\Windows\System32\Wbem;C:\Windows\System32\WindowsPowerShell\v1.0\;C:\Windows\System32\OpenSSH\;C:\Program Files\NVIDIA Corporation\NVIDIA NvDLISR;C:\Program Files\Git\cmd;C:\Program Files\NVIDIA Corporation\Nsight Compute 2020.3.1\;C:\Program Files\dotnet\;C:\Program Files\PuTTY\;C:\ProgramData\chocolatey\bin;C:\texlive\2022\bin\win32;C:\WINDOWS\system32;C:\WINDOWS;C:\WINDOWS\System32\Wbem;C:\WINDOWS\System32\WindowsPowerShell\v1.0\;C:\WINDOWS\System32\OpenSSH\;C:\Program Files\Microsoft SQL Server\Client SDK\ODBC\170\Tools\Binn\;C:\Program Files (x86)\Microsoft SQL Server\150\Tools\Binn\;C:\Program Files\Microsoft SQL Server\150\Tools\Binn\;C:\Program Files\Microsoft SQL Server\150\DTS\Binn\;C:\Program Files (x86)\Windows Kits\8.1\Windows Performance Toolkit\;C:\Program Files\Docker\Docker\resources\bin;C:\Program Files\MATLAB\R2023b\bin;C:\Program Files\GitHub CLI\;C:\Users\japan\AppData\Roaming\nvm;C:\Program Files\nodejs;C:\Program Files\Amazon\AWSCLIV2\;C:\Program Files\PostgreSQL\16\bin;C:\Users\japan\.console-ninja\.bin;C:\Users\japan\.local\share\solana\install\active_release\bin;C:\Users\japan\AppData\Local\Microsoft\WindowsApps;C:\Users\japan\AppData\Local\GitHubDesktop\bin;C:\Users\japan\AppData\Local\Programs\Microsoft VS Code\bin;C:\Users\japan\AppData\Roaming\npm;C:\Users\japan\AppData\Local\Google\Cloud SDK\google-cloud-sdk\bin;C:\Program Files\JetBrains\IntelliJ IDEA 2022.2.3\bin;C:\Users\japan\AppData\Local\gitkraken\bin;C:\Users\japan\.bun\bin;C:\Users\japan\AppData\Roaming\nvm;C:\Program Files\nodejs;C:\Program Files\heroku\bin

Yarn version: 
  1.22.19

Node version: 
  22.2.0

Platform: 
  win32 x64

Trace: 
  SyntaxError: C:\Users\japan\Documents\Projects\Negotiation Chatbot\natural-number-parsing\package.json: Unexpected end of JSON input
      at JSON.parse (<anonymous>)
      at C:\Users\japan\AppData\Roaming\npm\node_modules\yarn\lib\cli.js:1629:59
      at Generator.next (<anonymous>)
      at step (C:\Users\japan\AppData\Roaming\npm\node_modules\yarn\lib\cli.js:310:30)
      at C:\Users\japan\AppData\Roaming\npm\node_modules\yarn\lib\cli.js:321:13

npm manifest: 
  {
    "name": "natural-number-parsing",
    "version": "1.0.0",
    "description": "A package to parse and extract numbers from natural text. Has support for a wide variety of number formats.",
    "main": "src/index.ts",
    "repository": "https://github.com/brianbob12/natural-number-parsing",
    "author": "Cyrus Singer (japaneserhino@gmail.com)",
    "license": "MIT",
    "private": false,
    "scripts":{
      "build":"tsc"
    },
    "devDependencies": {
      "typescript": "^5.3.3"
    }
  }

yarn manifest: 
  No manifest

Lockfile: 
  # THIS IS AN AUTOGENERATED FILE. DO NOT EDIT THIS FILE DIRECTLY.
  # yarn lockfile v1
  
  
  typescript@^5.3.3:
    version "5.3.3"
    resolved "https://registry.yarnpkg.com/typescript/-/typescript-5.3.3.tgz#b3ce6ba258e72e6305ba66f5c9b452aaee3ffe37"
    integrity sha512-pXWcraxM0uxAS+tN0AG/BF2TyqmHO014Z070UsJ+pFvYuRSq8KH8DmWpnbXe0pEPDHXZV3FcAbJkijJ5oNEnWw==
